<?xml version="1.0" encoding="UTF-8"?>
<!-- Generated by org.testng.reporters.JUnitReportReporter -->
<testsuite skipped="0" hostname="IBM924-PC05NTJG" name="com.emr.qa.testcases.AuctionPageTest" tests="1" failures="0" timestamp="22 Mar 2018 15:02:04 GMT" time="66.096" errors="0">
  <testcase name="VerifyAuctionCreatedTest" time="66.096" classname="com.emr.qa.testcases.AuctionPageTest"/>
</testsuite> <!-- com.emr.qa.testcases.AuctionPageTest -->
