<?xml version="1.0" encoding="UTF-8"?>
<!-- Generated by org.testng.reporters.JUnitReportReporter -->
<testsuite skipped="0" hostname="IBM924-PC05NTJG" name="com.emr.qa.testcases.ApplicaitoncreationTest" tests="1" failures="0" timestamp="08 Apr 2018 18:38:37 GMT" time="29.981" errors="0">
  <testcase name="createapplication" time="29.981" classname="com.emr.qa.testcases.ApplicaitoncreationTest"/>
</testsuite> <!-- com.emr.qa.testcases.ApplicaitoncreationTest -->
