<?xml version="1.0" encoding="UTF-8"?>
<!-- Generated by org.testng.reporters.JUnitReportReporter -->
<testsuite skipped="0" hostname="IBM924-PC05NTJG" name="com.emr.qa.testcases.LoginPageTest" tests="1" failures="0" timestamp="25 Mar 2018 04:27:22 GMT" time="44.259" errors="0">
  <testcase name="LoginTest" time="44.259" classname="com.emr.qa.testcases.LoginPageTest"/>
</testsuite> <!-- com.emr.qa.testcases.LoginPageTest -->
