<?xml version="1.0" encoding="UTF-8"?>
<!-- Generated by org.testng.reporters.JUnitReportReporter -->
<testsuite skipped="0" hostname="IBM924-PC05NTJG" name="com.emr.qa.testcases.LoginPageTest" tests="6" failures="0" timestamp="20 Mar 2018 16:35:01 GMT" time="142.991" errors="0">
  <testcase name="forgotpintextTest" time="22.989" classname="com.emr.qa.testcases.LoginPageTest"/>
  <testcase name="resetpasswordtextTest" time="30.107" classname="com.emr.qa.testcases.LoginPageTest"/>
  <testcase name="LoginPagetitletest" time="14.695" classname="com.emr.qa.testcases.LoginPageTest"/>
  <testcase name="EMRLogoImageTest" time="25.166" classname="com.emr.qa.testcases.LoginPageTest"/>
  <testcase name="retrievepasswordtextTest" time="24.735" classname="com.emr.qa.testcases.LoginPageTest"/>
  <testcase name="LoginTest" time="25.299" classname="com.emr.qa.testcases.LoginPageTest"/>
</testsuite> <!-- com.emr.qa.testcases.LoginPageTest -->
