<?xml version="1.0" encoding="UTF-8"?>
<!-- Generated by org.testng.reporters.JUnitReportReporter -->
<testsuite skipped="0" hostname="IBM924-PC05NTJG" name="com.emr.qa.testcases.Addcmupagetest" tests="8" failures="0" timestamp="15 Apr 2018 09:05:33 GMT" time="504.720" errors="0">
  <testcase name="addNewBuildGencmuTest" time="68.213" classname="com.emr.qa.testcases.Addcmupagetest"/>
  <testcase name="addRefurbIntcmuTest" time="68.381" classname="com.emr.qa.testcases.Addcmupagetest"/>
  <testcase name="addExistingIntercmuTest" time="51.742" classname="com.emr.qa.testcases.Addcmupagetest"/>
  <testcase name="addunprovendsrcmuTest" time="52.510" classname="com.emr.qa.testcases.Addcmupagetest"/>
  <testcase name="addNewBuildintcmuTest" time="64.266" classname="com.emr.qa.testcases.Addcmupagetest"/>
  <testcase name="addprovendsrcmuTest" time="67.066" classname="com.emr.qa.testcases.Addcmupagetest"/>
  <testcase name="addRefurbGencmuTest" time="72.357" classname="com.emr.qa.testcases.Addcmupagetest"/>
  <testcase name="addExistingGencmuTest" time="60.185" classname="com.emr.qa.testcases.Addcmupagetest"/>
</testsuite> <!-- com.emr.qa.testcases.Addcmupagetest -->
