<?xml version="1.0" encoding="UTF-8"?>
<!-- Generated by org.testng.reporters.JUnitReportReporter -->
<testsuite skipped="0" hostname="IBM924-PC05NTJG" name="com.emr.qa.testcases.AuctionPageTest" tests="1" failures="0" timestamp="15 Apr 2018 08:56:28 GMT" time="75.544" errors="0">
  <testcase name="AuctionCreationTest" time="75.544" classname="com.emr.qa.testcases.AuctionPageTest"/>
</testsuite> <!-- com.emr.qa.testcases.AuctionPageTest -->
